2024-06-15T14:22:02  test: add edge case
2024-07-01T09:39:09  refactor: tidy internals
2024-07-24T16:56:16  fix: handle empty input gracefully
2024-09-03T11:13:23  perf: micro-optimization
2024-09-26T18:30:30  style: formatting
2024-10-20T13:47:37  chore: bump dev tooling
2024-11-05T08:04:44  docs: expand examples
2024-11-29T15:21:51  test: strengthen coverage
2024-12-22T10:38:58  chore: tune defaults
2025-01-08T17:55:05  refactor: simplify helper
2025-01-31T12:12:12  chore: routine maintenance
2025-03-20T19:29:19  docs: clarify usage notes
2025-04-05T14:46:26  test: add edge case
2025-04-29T09:03:33  refactor: tidy internals
2025-05-22T16:20:40  fix: handle empty input gracefully
2025-06-08T11:37:47  perf: micro-optimization
2025-07-01T18:54:54  style: formatting
2025-07-24T13:11:01  chore: bump dev tooling
2025-09-03T08:28:08  docs: expand examples
2025-09-26T15:45:15  test: strengthen coverage
2025-10-13T10:02:22  chore: tune defaults
2025-11-05T17:19:29  refactor: simplify helper
2025-11-29T12:36:36  chore: routine maintenance
2025-12-15T19:53:43  docs: clarify usage notes
2026-02-01T14:10:50  test: add edge case
2026-02-24T09:27:57  refactor: tidy internals
2026-03-13T16:44:04  fix: handle empty input gracefully
2026-04-05T11:01:11  perf: micro-optimization
2026-04-29T18:18:18  style: formatting
2026-05-15T13:35:25  chore: bump dev tooling
2024-07-24T14:22:02  chore: tip of the hat to Thinkst, Bellingcat, and SigmaHQ
2024-11-28T09:39:09  fix: works on my machine (TM)
2025-03-19T16:56:16  chore: in case of fire — commit, push, leave building
